Arguments: 
  /opt/homebrew/Cellar/node/21.2.0/bin/node /usr/local/bin/yarn add mongodb-community@7.0

PATH: 
  /opt/homebrew/bin:/opt/homebrew/sbin:/Library/Frameworks/Python.framework/Versions/3.12/bin:/usr/local/bin:/System/Cryptexes/App/usr/bin:/usr/bin:/bin:/usr/sbin:/sbin:/Library/Apple/usr/bin:/opt/homebrew/bin:/opt/homebrew/sbin:/Library/Frameworks/Python.framework/Versions/3.12/bin:/Users/caizhihong/Library/Android/sdk/tools/bin:/Users/caizhihong/Library/Android/sdk/emulator:/Users/caizhihong/Library/Android/sdk/cmdline-tools/10.0/bin:/Users/caizhihong/Library/Android/sdk/platform-tools:/Users/caizhihong/Library/Android/sdk/tools/bin:/Users/caizhihong/Library/Android/sdk/emulator:/Users/caizhihong/Library/Android/sdk/cmdline-tools/10.0/bin:/Users/caizhihong/Library/Android/sdk/platform-tools

Yarn version: 
  1.22.19

Node version: 
  21.2.0

Platform: 
  darwin arm64

Trace: 
  Error: https://registry.yarnpkg.com/mongodb-community: Not found
      at params.callback [as _callback] (/usr/local/lib/node_modules/yarn/lib/cli.js:66145:18)
      at self.callback (/usr/local/lib/node_modules/yarn/lib/cli.js:140890:22)
      at Request.emit (node:events:519:28)
      at Request.<anonymous> (/usr/local/lib/node_modules/yarn/lib/cli.js:141862:10)
      at Request.emit (node:events:519:28)
      at IncomingMessage.<anonymous> (/usr/local/lib/node_modules/yarn/lib/cli.js:141784:12)
      at Object.onceWrapper (node:events:633:28)
      at IncomingMessage.emit (node:events:531:35)
      at endReadableNT (node:internal/streams/readable:1696:12)
      at process.processTicksAndRejections (node:internal/process/task_queues:82:21)

npm manifest: 
  {
    "name": "xundaodaqian",
    "version": "1.0.0",
    "description": "",
    "main": "index.js",
    "scripts": {
      "test": "echo \"Error: no test specified\" && exit 1"
    },
    "author": "zeeh",
    "license": "ISC",
    "dependencies": {
      "body-parser": "^1.20.2",
      "express": "^4.18.2"
    }
  }

yarn manifest: 
  No manifest

Lockfile: 
  No lockfile
